<?xml version="1.0" encoding="UTF-8"?>
<!-- Generated by org.testng.reporters.JUnitXMLReporter -->
<testsuite ignored="0" hostname="ADMIN" failures="2" tests="16" name="Surefire test" time="0.161" errors="0" timestamp="2022-08-03T17:23:26 IST">
  <testcase classname="testng_Failed.FirstClassTest" name="testMethod1" time="0.012"/>
  <testcase classname="testng_Failed.FirstClassTest" name="testMethod2" time="0.001"/>
  <testcase classname="testng_Failed.FirstClassTest" name="testMethod3" time="0.001"/>
  <testcase classname="testng_Failed.FirstClassTest" name="testMethod4" time="0.001"/>
  <testcase classname="testng_Failed.FirstClassTest" name="testMethod5" time="0.004">
    <skipped/>
  </testcase> <!-- testMethod5 -->
  <testcase classname="testng_Failed.FirstClassTest" name="testMethod5" time="0.001">
    <skipped/>
  </testcase> <!-- testMethod5 -->
  <testcase classname="testng_Failed.FirstClassTest" name="testMethod5" time="0.001">
    <skipped/>
  </testcase> <!-- testMethod5 -->
  <testcase classname="testng_Failed.FirstClassTest" name="testMethod5" time="0.001">
    <failure type="java.lang.AssertionError" message="null">
      <![CDATA[java.lang.AssertionError: null
at testng_Failed.FirstClassTest.testMethod5(FirstClassTest.java:35)
at java.base/java.util.ArrayList.forEach(ArrayList.java:1511)
... Removed 34 stack frames]]>
    </failure>
  </testcase> <!-- testMethod5 -->
  <testcase classname="testng_Failed.SecondClassTest" name="testMethod1" time="0.001"/>
  <testcase classname="testng_Failed.SecondClassTest" name="testMethod2" time="0.001"/>
  <testcase classname="testng_Failed.SecondClassTest" name="testMethod3" time="0.003"/>
  <testcase classname="testng_Failed.SecondClassTest" name="testMethod4" time="0.002"/>
  <testcase classname="testng_Failed.SecondClassTest" name="testMethod5" time="0.001">
    <skipped/>
  </testcase> <!-- testMethod5 -->
  <testcase classname="testng_Failed.SecondClassTest" name="testMethod5" time="0.001">
    <skipped/>
  </testcase> <!-- testMethod5 -->
  <testcase classname="testng_Failed.SecondClassTest" name="testMethod5" time="0.0">
    <skipped/>
  </testcase> <!-- testMethod5 -->
  <testcase classname="testng_Failed.SecondClassTest" name="testMethod5" time="0.001">
    <failure type="java.lang.AssertionError" message="null">
      <![CDATA[java.lang.AssertionError: null
at testng_Failed.SecondClassTest.testMethod5(SecondClassTest.java:35)
at java.base/java.util.ArrayList.forEach(ArrayList.java:1511)
... Removed 34 stack frames]]>
    </failure>
  </testcase> <!-- testMethod5 -->
</testsuite> <!-- Surefire test -->
