<?xml version="1.0" encoding="UTF-8"?>
<testsuite xmlns:xsi="http://www.w3.org/2001/XMLSchema-instance" xsi:noNamespaceSchemaLocation="https://maven.apache.org/surefire/maven-surefire-plugin/xsd/surefire-test-report-3.0.xsd" version="3.0" name="TestSuite" time="1.991" tests="16" errors="0" skipped="6" failures="2">
  <properties>
[...]
</properties>
  <testcase name="testMethod1" classname="testng_Failed.FirstClassTest" time="0.039">
    <system-out><![CDATA[i am testMethod1 From FirstClass
]]></system-out>
    <system-err><![CDATA[SLF4J: Failed to load class "org.slf4j.impl.StaticLoggerBinder".
SLF4J: Defaulting to no-operation (NOP) logger implementation
SLF4J: See http://www.slf4j.org/codes.html#StaticLoggerBinder for further details.
]]></system-err>
  </testcase>
  <testcase name="testMethod2" classname="testng_Failed.FirstClassTest" time="0.002">
    <system-out><![CDATA[i am testMethod2 From FirstClass
]]></system-out>
  </testcase>
  <testcase name="testMethod3" classname="testng_Failed.FirstClassTest" time="0.002">
    <system-out><![CDATA[i am testMethod3 From FirstClass
]]></system-out>
  </testcase>
  <testcase name="testMethod4" classname="testng_Failed.FirstClassTest" time="0.004">
    <system-out><![CDATA[i am testMethod4 From FirstClass
]]></system-out>
  </testcase>
  <testcase name="testMethod5" classname="testng_Failed.FirstClassTest" time="0">
    <skipped message="null"/>
    <system-out><![CDATA[i am testMethod5 From FirstClass
]]></system-out>
  </testcase>
  <testcase name="testMethod5" classname="testng_Failed.FirstClassTest" time="0">
    <skipped message="null"/>
    <system-out><![CDATA[i am testMethod5 From FirstClass
]]></system-out>
  </testcase>
  <testcase name="testMethod5" classname="testng_Failed.FirstClassTest" time="0">
    <skipped message="null"/>
    <system-out><![CDATA[i am testMethod5 From FirstClass
]]></system-out>
  </testcase>
  <testcase name="testMethod5" classname="testng_Failed.FirstClassTest" time="0.006">
    <failure message="null" type="java.lang.AssertionError"><![CDATA[java.lang.AssertionError: null
	at org.testng.Assert.fail(Assert.java:110)
	at org.testng.Assert.fail(Assert.java:115)
	at testng_Failed.FirstClassTest.testMethod5(FirstClassTest.java:35)
	at java.base/jdk.internal.reflect.NativeMethodAccessorImpl.invoke0(Native Method)
	at java.base/jdk.internal.reflect.NativeMethodAccessorImpl.invoke(NativeMethodAccessorImpl.java:77)
	at java.base/jdk.internal.reflect.DelegatingMethodAccessorImpl.invoke(DelegatingMethodAccessorImpl.java:43)
	at java.base/java.lang.reflect.Method.invoke(Method.java:568)
	at org.testng.internal.invokers.MethodInvocationHelper.invokeMethod(MethodInvocationHelper.java:139)
	at org.testng.internal.invokers.TestInvoker.invokeMethod(TestInvoker.java:677)
	at org.testng.internal.invokers.TestInvoker.retryFailed(TestInvoker.java:263)
	at org.testng.internal.invokers.MethodRunner.runInSequence(MethodRunner.java:62)
	at org.testng.internal.invokers.TestInvoker$MethodInvocationAgent.invoke(TestInvoker.java:962)
	at org.testng.internal.invokers.TestInvoker.invokeTestMethods(TestInvoker.java:194)
	at org.testng.internal.invokers.TestMethodWorker.invokeTestMethods(TestMethodWorker.java:148)
	at org.testng.internal.invokers.TestMethodWorker.run(TestMethodWorker.java:128)
	at java.base/java.util.ArrayList.forEach(ArrayList.java:1511)
	at org.testng.TestRunner.privateRun(TestRunner.java:806)
	at org.testng.TestRunner.run(TestRunner.java:601)
	at org.testng.SuiteRunner.runTest(SuiteRunner.java:433)
	at org.testng.SuiteRunner.runSequentially(SuiteRunner.java:427)
	at org.testng.SuiteRunner.privateRun(SuiteRunner.java:387)
	at org.testng.SuiteRunner.run(SuiteRunner.java:330)
	at org.testng.SuiteRunnerWorker.runSuite(SuiteRunnerWorker.java:52)
	at org.testng.SuiteRunnerWorker.run(SuiteRunnerWorker.java:95)
	at org.testng.TestNG.runSuitesSequentially(TestNG.java:1256)
	at org.testng.TestNG.runSuitesLocally(TestNG.java:1176)
	at org.testng.TestNG.runSuites(TestNG.java:1099)
	at org.testng.TestNG.run(TestNG.java:1067)
	at org.apache.maven.surefire.testng.TestNGExecutor.run(TestNGExecutor.java:151)
	at org.apache.maven.surefire.testng.TestNGDirectoryTestSuite.executeMulti(TestNGDirectoryTestSuite.java:192)
	at org.apache.maven.surefire.testng.TestNGDirectoryTestSuite.execute(TestNGDirectoryTestSuite.java:93)
	at org.apache.maven.surefire.testng.TestNGProvider.invoke(TestNGProvider.java:155)
	at org.apache.maven.surefire.booter.ForkedBooter.runSuitesInProcess(ForkedBooter.java:456)
	at org.apache.maven.surefire.booter.ForkedBooter.execute(ForkedBooter.java:169)
	at org.apache.maven.surefire.booter.ForkedBooter.run(ForkedBooter.java:595)
	at org.apache.maven.surefire.booter.ForkedBooter.main(ForkedBooter.java:581)
]]></failure>
    <system-out><![CDATA[i am testMethod5 From FirstClass
]]></system-out>
  </testcase>
  <testcase name="testMethod1" classname="testng_Failed.SecondClassTest" time="0.004">
    <system-out><![CDATA[i am testMethod1 From SecondClass
]]></system-out>
  </testcase>
  <testcase name="testMethod2" classname="testng_Failed.SecondClassTest" time="0.004">
    <system-out><![CDATA[i am testMethod2 From SecondClass
]]></system-out>
  </testcase>
  <testcase name="testMethod3" classname="testng_Failed.SecondClassTest" time="0.001">
    <system-out><![CDATA[i am testMethod3 From SecondClass
]]></system-out>
  </testcase>
  <testcase name="testMethod4" classname="testng_Failed.SecondClassTest" time="0.002">
    <system-out><![CDATA[i am testMethod4 From SecondClass
]]></system-out>
  </testcase>
  <testcase name="testMethod5" classname="testng_Failed.SecondClassTest" time="0">
    <skipped message="null"/>
    <system-out><![CDATA[i am testMethod5 From SecondClass
]]></system-out>
  </testcase>
  <testcase name="testMethod5" classname="testng_Failed.SecondClassTest" time="0">
    <skipped message="null"/>
    <system-out><![CDATA[i am testMethod5 From SecondClass
]]></system-out>
  </testcase>
  <testcase name="testMethod5" classname="testng_Failed.SecondClassTest" time="0">
    <skipped message="null"/>
    <system-out><![CDATA[i am testMethod5 From SecondClass
]]></system-out>
  </testcase>
  <testcase name="testMethod5" classname="testng_Failed.SecondClassTest" time="0.002">
    <failure message="null" type="java.lang.AssertionError"><![CDATA[java.lang.AssertionError: null
	at org.testng.Assert.fail(Assert.java:110)
	at org.testng.Assert.fail(Assert.java:115)
	at testng_Failed.SecondClassTest.testMethod5(SecondClassTest.java:35)
	at java.base/jdk.internal.reflect.NativeMethodAccessorImpl.invoke0(Native Method)
	at java.base/jdk.internal.reflect.NativeMethodAccessorImpl.invoke(NativeMethodAccessorImpl.java:77)
	at java.base/jdk.internal.reflect.DelegatingMethodAccessorImpl.invoke(DelegatingMethodAccessorImpl.java:43)
	at java.base/java.lang.reflect.Method.invoke(Method.java:568)
	at org.testng.internal.invokers.MethodInvocationHelper.invokeMethod(MethodInvocationHelper.java:139)
	at org.testng.internal.invokers.TestInvoker.invokeMethod(TestInvoker.java:677)
	at org.testng.internal.invokers.TestInvoker.retryFailed(TestInvoker.java:263)
	at org.testng.internal.invokers.MethodRunner.runInSequence(MethodRunner.java:62)
	at org.testng.internal.invokers.TestInvoker$MethodInvocationAgent.invoke(TestInvoker.java:962)
	at org.testng.internal.invokers.TestInvoker.invokeTestMethods(TestInvoker.java:194)
	at org.testng.internal.invokers.TestMethodWorker.invokeTestMethods(TestMethodWorker.java:148)
	at org.testng.internal.invokers.TestMethodWorker.run(TestMethodWorker.java:128)
	at java.base/java.util.ArrayList.forEach(ArrayList.java:1511)
	at org.testng.TestRunner.privateRun(TestRunner.java:806)
	at org.testng.TestRunner.run(TestRunner.java:601)
	at org.testng.SuiteRunner.runTest(SuiteRunner.java:433)
	at org.testng.SuiteRunner.runSequentially(SuiteRunner.java:427)
	at org.testng.SuiteRunner.privateRun(SuiteRunner.java:387)
	at org.testng.SuiteRunner.run(SuiteRunner.java:330)
	at org.testng.SuiteRunnerWorker.runSuite(SuiteRunnerWorker.java:52)
	at org.testng.SuiteRunnerWorker.run(SuiteRunnerWorker.java:95)
	at org.testng.TestNG.runSuitesSequentially(TestNG.java:1256)
	at org.testng.TestNG.runSuitesLocally(TestNG.java:1176)
	at org.testng.TestNG.runSuites(TestNG.java:1099)
	at org.testng.TestNG.run(TestNG.java:1067)
	at org.apache.maven.surefire.testng.TestNGExecutor.run(TestNGExecutor.java:151)
	at org.apache.maven.surefire.testng.TestNGDirectoryTestSuite.executeMulti(TestNGDirectoryTestSuite.java:192)
	at org.apache.maven.surefire.testng.TestNGDirectoryTestSuite.execute(TestNGDirectoryTestSuite.java:93)
	at org.apache.maven.surefire.testng.TestNGProvider.invoke(TestNGProvider.java:155)
	at org.apache.maven.surefire.booter.ForkedBooter.runSuitesInProcess(ForkedBooter.java:456)
	at org.apache.maven.surefire.booter.ForkedBooter.execute(ForkedBooter.java:169)
	at org.apache.maven.surefire.booter.ForkedBooter.run(ForkedBooter.java:595)
	at org.apache.maven.surefire.booter.ForkedBooter.main(ForkedBooter.java:581)
]]></failure>
    <system-out><![CDATA[i am testMethod5 From SecondClass
]]></system-out>
  </testcase>
</testsuite>